[2022-09-01 16:34:13,488] - log.py] - INFO: 获取touken值
[2022-09-01 16:34:13,996] - log.py] - INFO: 开始执行用例：创建标签，参数填写正确
[2022-09-01 16:34:14,410] - log.py] - INFO: 返回数据正确，返回结果广西老表71346
[2022-09-01 16:34:14,411] - log.py] - INFO: 获取touken值
[2022-09-01 16:34:14,849] - log.py] - INFO: 开始执行用例：创建标签，access_token参数未填
[2022-09-01 16:34:15,209] - log.py] - INFO: 接口返回数据正确
[2022-09-01 16:34:15,210] - log.py] - INFO: 获取touken值
[2022-09-01 16:34:15,561] - log.py] - INFO: 开始执行用例：创建标签参数填写正确，name字符长度正确
[2022-09-01 16:34:15,991] - log.py] - INFO: 获取touken值
[2022-09-01 16:34:16,392] - log.py] - INFO: 开始执行用例：创建标签参数填写正确，name字符长度正确
[2022-09-01 16:34:16,785] - log.py] - INFO: 获取touken值
[2022-09-01 16:34:17,232] - log.py] - INFO: 开始执行用例：创建标签参数填写正确，name字符长度正确
[2022-09-01 16:34:17,597] - log.py] - INFO: 获取touken值
[2022-09-01 16:34:17,974] - log.py] - INFO: 开始执行用例：创建标签参数填写正确，name字符长度正确
[2022-09-01 16:34:18,367] - log.py] - INFO: 获取touken值
[2022-09-01 16:34:18,713] - log.py] - INFO: 开始执行用例：创建标签参数填写正确，name字符长度正确
[2022-09-01 16:34:19,196] - log.py] - INFO: 获取touken值
[2022-09-01 16:34:19,621] - log.py] - INFO: 开始执行用例：name参数填写错误
[2022-09-01 16:34:20,117] - log.py] - INFO: 获取touken值
[2022-09-01 16:34:20,488] - log.py] - INFO: 开始执行用例：name参数填写错误
[2022-09-01 16:34:20,866] - log.py] - INFO: 获取touken值
[2022-09-01 16:34:21,245] - log.py] - INFO: 获取touken值
[2022-09-01 16:34:21,617] - log.py] - INFO: 获取touken值
[2022-09-01 16:34:22,045] - log.py] - INFO: 获取touken值
[2022-09-01 16:34:22,446] - log.py] - INFO: 获取touken值
[2022-09-01 16:34:22,844] - log.py] - INFO: 获取touken值
[2022-09-01 16:34:23,132] - log.py] - INFO: 获取touken值
[2022-09-01 16:34:23,549] - log.py] - INFO: 获取touken值
[2022-09-01 16:34:23,938] - log.py] - INFO: 获取touken值
[2022-09-01 16:34:24,291] - log.py] - INFO: 获取touken值
[2022-09-01 16:34:24,697] - log.py] - INFO: 获取touken值
[2022-09-01 16:34:25,101] - log.py] - INFO: 获取touken值
[2022-09-01 16:34:25,474] - log.py] - INFO: 获取touken值
[2022-09-01 16:34:25,819] - log.py] - INFO: 获取touken值
[2022-09-01 16:34:26,254] - log.py] - INFO: 获取touken值
[2022-09-01 16:34:26,614] - log.py] - INFO: 获取touken值
[2022-09-01 16:34:27,014] - log.py] - INFO: 获取touken值
[2022-09-01 16:34:27,368] - log.py] - INFO: 获取touken值
[2022-09-01 16:34:27,718] - log.py] - INFO: 获取touken值
[2022-09-01 16:34:28,076] - log.py] - INFO: 获取touken值
[2022-09-01 16:34:28,465] - log.py] - INFO: 获取touken值
[2022-09-01 16:34:28,849] - log.py] - INFO: 获取touken值
[2022-09-01 16:34:29,173] - log.py] - INFO: 获取touken值
[2022-09-01 16:34:29,588] - log.py] - INFO: 获取touken值
[2022-09-01 16:34:30,008] - log.py] - INFO: 获取touken值
[2022-09-01 16:34:30,414] - log.py] - INFO: 获取touken值
[2022-09-01 16:34:30,807] - log.py] - INFO: 获取touken值
[2022-09-01 16:34:31,289] - log.py] - INFO: 获取touken值
[2022-09-01 16:34:31,607] - log.py] - INFO: 获取touken值
[2022-09-01 16:34:31,984] - log.py] - INFO: 获取touken值
[2022-09-01 16:34:32,366] - log.py] - INFO: 获取touken值
[2022-09-01 16:34:32,732] - log.py] - INFO: 获取touken值
[2022-09-01 16:34:33,162] - log.py] - INFO: 获取touken值
[2022-09-01 16:34:33,489] - log.py] - INFO: 获取touken值
[2022-09-01 16:34:33,867] - log.py] - INFO: 获取touken值
[2022-09-01 16:34:34,156] - log.py] - INFO: 获取touken值
[2022-09-01 16:34:34,498] - log.py] - INFO: 获取touken值
[2022-09-01 16:34:34,880] - log.py] - INFO: 开始执行接口用例：所有接口参数都填写正确
[2022-09-01 16:34:35,209] - log.py] - INFO: 获取token请求接口失败
[2022-09-01 16:34:35,210] - log.py] - INFO: 开始执行接口用例：一个参数未填写
