[2022-09-01 16:33:29,200] - log.py] - INFO: 获取touken值
[2022-09-01 16:33:29,838] - log.py] - INFO: 开始执行用例：创建标签，参数填写正确
[2022-09-01 16:33:30,323] - log.py] - INFO: 返回数据正确，返回结果广西老表42175
[2022-09-01 16:33:30,324] - log.py] - INFO: 获取touken值
[2022-09-01 16:33:30,704] - log.py] - INFO: 开始执行用例：创建标签，access_token参数未填
[2022-09-01 16:33:31,031] - log.py] - INFO: 接口返回数据正确
[2022-09-01 16:33:31,031] - log.py] - INFO: 获取touken值
[2022-09-01 16:33:31,435] - log.py] - INFO: 开始执行用例：创建标签参数填写正确，name字符长度正确
[2022-09-01 16:33:31,916] - log.py] - INFO: 获取touken值
[2022-09-01 16:33:32,398] - log.py] - INFO: 开始执行用例：创建标签参数填写正确，name字符长度正确
[2022-09-01 16:33:32,744] - log.py] - INFO: 获取touken值
[2022-09-01 16:33:33,125] - log.py] - INFO: 开始执行用例：创建标签参数填写正确，name字符长度正确
[2022-09-01 16:33:33,515] - log.py] - INFO: 获取touken值
[2022-09-01 16:33:33,927] - log.py] - INFO: 开始执行用例：创建标签参数填写正确，name字符长度正确
[2022-09-01 16:33:34,329] - log.py] - INFO: 获取touken值
[2022-09-01 16:33:34,808] - log.py] - INFO: 开始执行用例：创建标签参数填写正确，name字符长度正确
[2022-09-01 16:33:35,225] - log.py] - INFO: 获取touken值
[2022-09-01 16:33:35,650] - log.py] - INFO: 开始执行用例：name参数填写错误
[2022-09-01 16:33:36,019] - log.py] - INFO: 获取touken值
[2022-09-01 16:33:36,455] - log.py] - INFO: 开始执行用例：name参数填写错误
[2022-09-01 16:33:36,932] - log.py] - INFO: 获取touken值
[2022-09-01 16:33:37,299] - log.py] - INFO: 开始执行用例：name参数填写错误
[2022-09-01 16:33:37,764] - log.py] - INFO: 获取touken值
[2022-09-01 16:33:38,171] - log.py] - INFO: 开始执行用例：access_token参数填写错误
[2022-09-01 16:33:38,741] - log.py] - INFO: 接口返回数据正确
