[2022-09-02 10:58:57,384] - log.py] - INFO: 获取touken值
[2022-09-02 10:58:57,899] - log.py] - INFO: 开始执行用例：创建标签，参数填写正确
[2022-09-02 10:58:58,438] - log.py] - INFO: 返回数据正确，返回结果广西老表88751
[2022-09-02 10:58:58,438] - log.py] - INFO: 获取touken值
[2022-09-02 10:58:58,804] - log.py] - INFO: 开始执行用例：创建标签，access_token参数未填
[2022-09-02 10:58:59,090] - log.py] - INFO: 接口返回数据正确
[2022-09-02 10:58:59,091] - log.py] - INFO: 获取touken值
[2022-09-02 10:58:59,522] - log.py] - INFO: 开始执行用例：创建标签参数填写正确，name字符长度正确
[2022-09-02 10:59:00,042] - log.py] - INFO: 获取touken值
[2022-09-02 10:59:00,544] - log.py] - INFO: 开始执行用例：创建标签参数填写正确，name字符长度正确
[2022-09-02 10:59:01,079] - log.py] - INFO: 获取touken值
[2022-09-02 10:59:01,495] - log.py] - INFO: 开始执行用例：创建标签参数填写正确，name字符长度正确
[2022-09-02 10:59:02,063] - log.py] - INFO: 获取touken值
[2022-09-02 10:59:02,519] - log.py] - INFO: 开始执行用例：创建标签参数填写正确，name字符长度正确
[2022-09-02 10:59:02,970] - log.py] - INFO: 获取touken值
[2022-09-02 10:59:03,379] - log.py] - INFO: 开始执行用例：创建标签参数填写正确，name字符长度正确
[2022-09-02 10:59:03,758] - log.py] - INFO: 获取touken值
[2022-09-02 10:59:04,180] - log.py] - INFO: 开始执行用例：name参数填写错误
[2022-09-02 10:59:04,657] - log.py] - INFO: 获取touken值
[2022-09-02 10:59:05,109] - log.py] - INFO: 开始执行用例：name参数填写错误
[2022-09-02 10:59:05,718] - log.py] - INFO: 获取touken值
[2022-09-02 10:59:06,097] - log.py] - INFO: 开始执行用例：name参数填写错误
[2022-09-02 10:59:06,596] - log.py] - INFO: 获取touken值
[2022-09-02 10:59:06,961] - log.py] - INFO: 开始执行用例：access_token参数填写错误
[2022-09-02 10:59:07,270] - log.py] - INFO: 接口返回数据正确
[2022-09-02 10:59:07,271] - log.py] - INFO: 获取touken值
[2022-09-02 10:59:07,671] - log.py] - INFO: 开始执行用例：获取标签，参数填写正确
[2022-09-02 10:59:08,117] - log.py] - INFO: 返回数据正确，返回结果ok
[2022-09-02 10:59:08,118] - log.py] - INFO: 获取touken值
[2022-09-02 10:59:08,458] - log.py] - INFO: 开始执行用例：删除标签标签，access_token参数未填
[2022-09-02 10:59:08,845] - log.py] - INFO: 返回数据正确，返回结果40001
[2022-09-02 10:59:08,846] - log.py] - INFO: 获取touken值
[2022-09-02 10:59:09,302] - log.py] - INFO: 开始执行用例：删除标签，access_token参数填写错误
[2022-09-02 10:59:09,618] - log.py] - INFO: 返回数据正确，返回结果40001
[2022-09-02 10:59:09,619] - log.py] - INFO: 获取touken值
[2022-09-02 10:59:10,039] - log.py] - INFO: 开始执行用例：删除标签标签，参数填写错误
[2022-09-02 10:59:10,504] - log.py] - INFO: 返回数据正确，返回结果45058
[2022-09-02 10:59:10,505] - log.py] - INFO: 获取touken值
[2022-09-02 10:59:10,874] - log.py] - INFO: 开始执行用例：删除标签标签，参数填写错误
[2022-09-02 10:59:11,271] - log.py] - INFO: 返回数据正确，返回结果47001
[2022-09-02 10:59:11,272] - log.py] - INFO: 获取touken值
[2022-09-02 10:59:11,658] - log.py] - INFO: 开始执行用例：删除标签标签，参数填写错误
[2022-09-02 10:59:12,279] - log.py] - INFO: 返回数据正确，返回结果45058
[2022-09-02 10:59:12,280] - log.py] - INFO: 获取touken值
[2022-09-02 10:59:12,703] - log.py] - INFO: 开始执行用例：删除标签标签，参数填写错误
[2022-09-02 10:59:13,186] - log.py] - INFO: 返回数据正确，返回结果45058
[2022-09-02 10:59:13,187] - log.py] - INFO: 获取touken值
[2022-09-02 10:59:13,699] - log.py] - INFO: 开始执行用例：删除标签标签，参数填写错误
[2022-09-02 10:59:14,122] - log.py] - INFO: 返回数据正确，返回结果45058
[2022-09-02 10:59:14,123] - log.py] - INFO: 获取touken值
[2022-09-02 10:59:14,460] - log.py] - INFO: 开始执行用例：编辑标签，参数填写正确
[2022-09-02 10:59:14,883] - log.py] - INFO: 返回数据正确，返回结果ok
[2022-09-02 10:59:14,883] - log.py] - INFO: 获取touken值
[2022-09-02 10:59:15,319] - log.py] - INFO: 开始执行用例：编辑标签，access_token参数未填写
[2022-09-02 10:59:15,596] - log.py] - INFO: 返回数据正确，返回结果40001
[2022-09-02 10:59:15,596] - log.py] - INFO: 获取touken值
[2022-09-02 10:59:16,007] - log.py] - INFO: 开始执行用例：编辑标签，参数填写正确
[2022-09-02 10:59:16,766] - log.py] - INFO: 返回数据正确，返回结果ok
[2022-09-02 10:59:16,767] - log.py] - INFO: 获取touken值
[2022-09-02 10:59:17,294] - log.py] - INFO: 开始执行用例：编辑标签，参数填写正确
[2022-09-02 10:59:17,781] - log.py] - INFO: 返回数据正确，返回结果ok
[2022-09-02 10:59:17,782] - log.py] - INFO: 获取touken值
[2022-09-02 10:59:18,217] - log.py] - INFO: 开始执行用例：编辑标签，参数填写正确
[2022-09-02 10:59:18,678] - log.py] - INFO: 返回数据正确，返回结果ok
[2022-09-02 10:59:18,680] - log.py] - INFO: 获取touken值
[2022-09-02 10:59:19,080] - log.py] - INFO: 开始执行用例：编辑标签，参数填写正确
[2022-09-02 10:59:19,491] - log.py] - INFO: 返回数据正确，返回结果ok
[2022-09-02 10:59:19,492] - log.py] - INFO: 获取touken值
[2022-09-02 10:59:19,907] - log.py] - INFO: 开始执行用例：编辑标签，参数填写正确
[2022-09-02 10:59:20,397] - log.py] - INFO: 返回数据正确，返回结果ok
[2022-09-02 10:59:20,398] - log.py] - INFO: 获取touken值
[2022-09-02 10:59:21,397] - log.py] - INFO: 返回数据正确，返回结果45058
[2022-09-02 10:59:21,397] - log.py] - INFO: 获取touken值
[2022-09-02 10:59:22,548] - log.py] - INFO: 返回数据正确，返回结果-1
[2022-09-02 10:59:22,549] - log.py] - INFO: 获取touken值
[2022-09-02 10:59:23,556] - log.py] - INFO: 返回数据正确，返回结果45157
[2022-09-02 10:59:23,557] - log.py] - INFO: 获取touken值
[2022-09-02 10:59:25,530] - log.py] - INFO: 返回数据正确，返回结果45158
[2022-09-02 10:59:25,531] - log.py] - INFO: 获取touken值
[2022-09-02 10:59:26,424] - log.py] - INFO: 返回数据正确，返回结果45157
[2022-09-02 10:59:26,425] - log.py] - INFO: 获取touken值
[2022-09-02 10:59:26,926] - log.py] - INFO: 开始执行用例：获取标签，参数填写正确
[2022-09-02 10:59:27,450] - log.py] - INFO: 返回数据正确，返回结果星标组
[2022-09-02 10:59:27,451] - log.py] - INFO: 获取touken值
[2022-09-02 10:59:27,798] - log.py] - INFO: 开始执行用例：获取标签，access_token参数未填写
[2022-09-02 10:59:28,088] - log.py] - INFO: 返回数据正确，返回结果41001
[2022-09-02 10:59:28,089] - log.py] - INFO: 获取touken值
[2022-09-02 10:59:28,600] - log.py] - INFO: 开始执行用例：获取标签，access_token参数填写错误
[2022-09-02 10:59:28,924] - log.py] - INFO: 返回数据正确，返回结果40001
[2022-09-02 10:59:28,924] - log.py] - INFO: 获取touken值
[2022-09-02 10:59:29,300] - log.py] - INFO: 开始执行用例：修改备注名，参数填写正确
[2022-09-02 10:59:29,796] - log.py] - INFO: 接口返回数据正确
[2022-09-02 10:59:29,796] - log.py] - INFO: 获取touken值
[2022-09-02 10:59:30,279] - log.py] - INFO: 开始执行用例：修改备注名，access_token参数未填
[2022-09-02 10:59:30,611] - log.py] - INFO: 接口返回数据正确
[2022-09-02 10:59:30,612] - log.py] - INFO: 获取touken值
[2022-09-02 10:59:31,058] - log.py] - INFO: 开始执行用例：修改备注名，access_token参数填写错误
[2022-09-02 10:59:31,332] - log.py] - INFO: 接口返回数据正确
[2022-09-02 10:59:31,333] - log.py] - INFO: 获取touken值
[2022-09-02 10:59:31,958] - log.py] - INFO: 开始执行用例：修改备注名，openid,remark参数填写错误
[2022-09-02 10:59:32,384] - log.py] - INFO: 接口返回数据正确
[2022-09-02 10:59:32,385] - log.py] - INFO: 获取touken值
[2022-09-02 10:59:32,799] - log.py] - INFO: 开始执行用例：修改备注名，openid,remark参数填写错误
[2022-09-02 10:59:33,244] - log.py] - INFO: 接口返回数据正确
[2022-09-02 10:59:33,245] - log.py] - INFO: 获取touken值
[2022-09-02 10:59:33,624] - log.py] - INFO: 开始执行用例：修改备注名，openid,remark参数填写错误
[2022-09-02 10:59:34,058] - log.py] - INFO: 接口返回数据正确
[2022-09-02 10:59:34,059] - log.py] - INFO: 获取touken值
[2022-09-02 10:59:34,516] - log.py] - INFO: 开始执行用例：修改备注名，openid,remark参数填写正确
[2022-09-02 10:59:35,008] - log.py] - INFO: 接口返回数据正确
[2022-09-02 10:59:35,008] - log.py] - INFO: 获取touken值
[2022-09-02 10:59:35,518] - log.py] - INFO: 开始执行用例：修改备注名，openid,remark参数填写正确
[2022-09-02 10:59:36,281] - log.py] - INFO: 接口返回数据正确
[2022-09-02 10:59:36,281] - log.py] - INFO: 获取touken值
[2022-09-02 10:59:36,699] - log.py] - INFO: 开始执行用例：修改备注名，openid,remark参数填写正确
[2022-09-02 10:59:37,156] - log.py] - INFO: 接口返回数据正确
[2022-09-02 10:59:37,156] - log.py] - INFO: 获取touken值
[2022-09-02 10:59:37,556] - log.py] - INFO: 开始执行用例：修改备注名，openid,remark参数填写正确
[2022-09-02 10:59:38,063] - log.py] - INFO: 接口返回数据正确
[2022-09-02 10:59:38,064] - log.py] - INFO: 获取touken值
[2022-09-02 10:59:38,517] - log.py] - INFO: 开始执行用例：修改备注名，openid,remark参数填写正确
[2022-09-02 10:59:38,949] - log.py] - INFO: 接口返回数据正确
[2022-09-02 10:59:38,950] - log.py] - INFO: 获取touken值
[2022-09-02 10:59:39,320] - log.py] - INFO: 开始执行用例：修改备注名，openid,remark参数填写正确
[2022-09-02 10:59:39,797] - log.py] - INFO: 接口返回数据正确
[2022-09-02 10:59:39,798] - log.py] - INFO: 开始执行接口用例：所有接口参数都填写正确
[2022-09-02 10:59:40,131] - log.py] - INFO: 获取token请求接口失败
[2022-09-02 10:59:40,132] - log.py] - INFO: 开始执行接口用例：一个参数未填写
[2022-09-02 10:59:40,493] - log.py] - INFO: 断言成功
[2022-09-02 10:59:40,494] - log.py] - INFO: 开始执行接口用例：一个参数未填写
[2022-09-02 10:59:40,787] - log.py] - INFO: 断言成功
[2022-09-02 10:59:40,787] - log.py] - INFO: 开始执行接口用例：一个参数未填写
[2022-09-02 10:59:41,133] - log.py] - INFO: 断言成功
[2022-09-02 10:59:41,134] - log.py] - INFO: 一个参数填写错误
[2022-09-02 10:59:41,536] - log.py] - INFO: 断言成功
[2022-09-02 10:59:41,537] - log.py] - INFO: 一个参数填写错误
[2022-09-02 10:59:41,763] - log.py] - INFO: 断言成功
[2022-09-02 10:59:41,764] - log.py] - INFO: 一个参数填写错误
[2022-09-02 10:59:42,146] - log.py] - INFO: 断言成功
