[2022-09-01 16:25:12,820] - log.py] - INFO: 获取touken值
[2022-09-01 16:25:13,304] - log.py] - INFO: 开始执行用例：创建标签，参数填写正确
[2022-09-01 16:25:13,843] - log.py] - INFO: 返回数据正确，返回结果广西老表55252
[2022-09-01 16:25:13,843] - log.py] - INFO: 获取touken值
[2022-09-01 16:25:14,243] - log.py] - INFO: 开始执行用例：创建标签，access_token参数未填
[2022-09-01 16:25:14,557] - log.py] - INFO: 接口返回数据正确
[2022-09-01 16:25:14,558] - log.py] - INFO: 获取touken值
[2022-09-01 16:25:14,961] - log.py] - INFO: 开始执行用例：创建标签参数填写正确，name字符长度正确
[2022-09-01 16:25:15,404] - log.py] - INFO: 获取touken值
[2022-09-01 16:25:15,843] - log.py] - INFO: 开始执行用例：创建标签参数填写正确，name字符长度正确
[2022-09-01 16:25:16,352] - log.py] - INFO: 获取touken值
[2022-09-01 16:25:16,768] - log.py] - INFO: 开始执行用例：创建标签参数填写正确，name字符长度正确
[2022-09-01 16:25:17,250] - log.py] - INFO: 获取touken值
[2022-09-01 16:25:17,761] - log.py] - INFO: 开始执行用例：创建标签参数填写正确，name字符长度正确
[2022-09-01 16:25:18,174] - log.py] - INFO: 获取touken值
[2022-09-01 16:25:18,552] - log.py] - INFO: 开始执行用例：创建标签参数填写正确，name字符长度正确
[2022-09-01 16:25:18,977] - log.py] - INFO: 获取touken值
[2022-09-01 16:25:19,321] - log.py] - INFO: 开始执行用例：name参数填写错误
[2022-09-01 16:25:19,767] - log.py] - INFO: 获取touken值
[2022-09-01 16:25:20,156] - log.py] - INFO: 开始执行用例：name参数填写错误
[2022-09-01 16:25:20,664] - log.py] - INFO: 获取touken值
[2022-09-01 16:25:21,053] - log.py] - INFO: 开始执行用例：name参数填写错误
[2022-09-01 16:25:21,453] - log.py] - INFO: 获取touken值
[2022-09-01 16:25:21,833] - log.py] - INFO: 开始执行用例：access_token参数填写错误
[2022-09-01 16:25:22,079] - log.py] - INFO: 接口返回数据正确
[2022-09-01 16:25:22,080] - log.py] - INFO: 获取touken值
[2022-09-01 16:25:22,508] - log.py] - INFO: 开始执行用例：获取标签，参数填写正确
[2022-09-01 16:25:22,884] - log.py] - INFO: 返回数据正确，返回结果ok
[2022-09-01 16:25:22,885] - log.py] - INFO: 获取touken值
[2022-09-01 16:25:23,243] - log.py] - INFO: 开始执行用例：删除标签标签，access_token参数未填
[2022-09-01 16:25:23,527] - log.py] - INFO: 返回数据正确，返回结果40001
[2022-09-01 16:25:23,528] - log.py] - INFO: 获取touken值
[2022-09-01 16:25:23,887] - log.py] - INFO: 开始执行用例：删除标签，access_token参数填写错误
[2022-09-01 16:25:26,927] - log.py] - INFO: 返回数据正确，返回结果40001
[2022-09-01 16:25:26,928] - log.py] - INFO: 获取touken值
[2022-09-01 16:25:27,398] - log.py] - INFO: 开始执行用例：删除标签标签，参数填写错误
[2022-09-01 16:25:27,768] - log.py] - INFO: 返回数据正确，返回结果45058
[2022-09-01 16:25:27,769] - log.py] - INFO: 获取touken值
[2022-09-01 16:25:28,208] - log.py] - INFO: 开始执行用例：删除标签标签，参数填写错误
[2022-09-01 16:25:28,607] - log.py] - INFO: 返回数据正确，返回结果47001
[2022-09-01 16:25:28,608] - log.py] - INFO: 获取touken值
[2022-09-01 16:25:28,963] - log.py] - INFO: 开始执行用例：删除标签标签，参数填写错误
[2022-09-01 16:25:29,369] - log.py] - INFO: 返回数据正确，返回结果45058
[2022-09-01 16:25:29,370] - log.py] - INFO: 获取touken值
[2022-09-01 16:25:29,884] - log.py] - INFO: 开始执行用例：删除标签标签，参数填写错误
[2022-09-01 16:25:30,297] - log.py] - INFO: 返回数据正确，返回结果45058
[2022-09-01 16:25:30,298] - log.py] - INFO: 获取touken值
[2022-09-01 16:25:30,729] - log.py] - INFO: 开始执行用例：删除标签标签，参数填写错误
[2022-09-01 16:25:31,195] - log.py] - INFO: 返回数据正确，返回结果45058
[2022-09-01 16:25:31,196] - log.py] - INFO: 获取touken值
[2022-09-01 16:25:31,595] - log.py] - INFO: 开始执行用例：编辑标签，参数填写正确
[2022-09-01 16:25:31,995] - log.py] - INFO: 返回数据正确，返回结果ok
[2022-09-01 16:25:31,996] - log.py] - INFO: 获取touken值
[2022-09-01 16:25:32,422] - log.py] - INFO: 开始执行用例：编辑标签，access_token参数未填写
[2022-09-01 16:25:32,722] - log.py] - INFO: 返回数据正确，返回结果40001
[2022-09-01 16:25:32,722] - log.py] - INFO: 获取touken值
[2022-09-01 16:25:33,207] - log.py] - INFO: 开始执行用例：编辑标签，参数填写正确
[2022-09-01 16:25:33,638] - log.py] - INFO: 返回数据正确，返回结果ok
[2022-09-01 16:25:33,639] - log.py] - INFO: 获取touken值
[2022-09-01 16:25:34,007] - log.py] - INFO: 开始执行用例：编辑标签，参数填写正确
[2022-09-01 16:25:34,539] - log.py] - INFO: 返回数据正确，返回结果ok
[2022-09-01 16:25:34,540] - log.py] - INFO: 获取touken值
[2022-09-01 16:25:34,876] - log.py] - INFO: 开始执行用例：编辑标签，参数填写正确
[2022-09-01 16:25:35,250] - log.py] - INFO: 返回数据正确，返回结果ok
[2022-09-01 16:25:35,251] - log.py] - INFO: 获取touken值
[2022-09-01 16:25:35,678] - log.py] - INFO: 开始执行用例：编辑标签，参数填写正确
[2022-09-01 16:25:36,085] - log.py] - INFO: 返回数据正确，返回结果ok
[2022-09-01 16:25:36,085] - log.py] - INFO: 获取touken值
[2022-09-01 16:25:36,459] - log.py] - INFO: 开始执行用例：编辑标签，参数填写正确
[2022-09-01 16:25:36,842] - log.py] - INFO: 返回数据正确，返回结果ok
[2022-09-01 16:25:36,843] - log.py] - INFO: 获取touken值
[2022-09-01 16:25:37,658] - log.py] - INFO: 返回数据正确，返回结果45058
[2022-09-01 16:25:37,659] - log.py] - INFO: 获取touken值
[2022-09-01 16:25:38,485] - log.py] - INFO: 返回数据正确，返回结果-1
[2022-09-01 16:25:38,486] - log.py] - INFO: 获取touken值
[2022-09-01 16:25:39,283] - log.py] - INFO: 返回数据正确，返回结果45157
[2022-09-01 16:25:39,284] - log.py] - INFO: 获取touken值
[2022-09-01 16:25:40,093] - log.py] - INFO: 返回数据正确，返回结果45158
[2022-09-01 16:25:40,094] - log.py] - INFO: 获取touken值
[2022-09-01 16:25:40,859] - log.py] - INFO: 返回数据正确，返回结果45157
[2022-09-01 16:25:40,859] - log.py] - INFO: 获取touken值
[2022-09-01 16:25:41,245] - log.py] - INFO: 开始执行用例：获取标签，参数填写正确
[2022-09-01 16:25:41,620] - log.py] - INFO: 返回数据正确，返回结果星标组
[2022-09-01 16:25:41,621] - log.py] - INFO: 获取touken值
[2022-09-01 16:25:42,075] - log.py] - INFO: 开始执行用例：获取标签，access_token参数未填写
[2022-09-01 16:25:42,393] - log.py] - INFO: 返回数据正确，返回结果41001
[2022-09-01 16:25:42,394] - log.py] - INFO: 获取touken值
[2022-09-01 16:25:42,795] - log.py] - INFO: 开始执行用例：获取标签，access_token参数填写错误
[2022-09-01 16:25:43,099] - log.py] - INFO: 返回数据正确，返回结果40001
[2022-09-01 16:25:43,100] - log.py] - INFO: 获取touken值
[2022-09-01 16:25:43,438] - log.py] - INFO: 开始执行用例：修改备注名，参数填写正确
[2022-09-01 16:25:43,912] - log.py] - INFO: 接口返回数据正确
[2022-09-01 16:25:43,913] - log.py] - INFO: 获取touken值
[2022-09-01 16:25:44,322] - log.py] - INFO: 开始执行用例：修改备注名，access_token参数未填
[2022-09-01 16:25:44,669] - log.py] - INFO: 接口返回数据正确
[2022-09-01 16:25:44,670] - log.py] - INFO: 获取touken值
[2022-09-01 16:25:45,109] - log.py] - INFO: 开始执行用例：修改备注名，access_token参数填写错误
[2022-09-01 16:25:45,492] - log.py] - INFO: 接口返回数据正确
[2022-09-01 16:25:45,493] - log.py] - INFO: 获取touken值
[2022-09-01 16:25:45,900] - log.py] - INFO: 开始执行用例：修改备注名，openid,remark参数填写错误
[2022-09-01 16:25:46,264] - log.py] - INFO: 接口返回数据正确
[2022-09-01 16:25:46,264] - log.py] - INFO: 获取touken值
[2022-09-01 16:25:46,669] - log.py] - INFO: 开始执行用例：修改备注名，openid,remark参数填写错误
[2022-09-01 16:25:47,068] - log.py] - INFO: 接口返回数据正确
[2022-09-01 16:25:47,068] - log.py] - INFO: 获取touken值
[2022-09-01 16:25:47,476] - log.py] - INFO: 开始执行用例：修改备注名，openid,remark参数填写错误
[2022-09-01 16:25:47,818] - log.py] - INFO: 接口返回数据正确
[2022-09-01 16:25:47,819] - log.py] - INFO: 获取touken值
[2022-09-01 16:25:48,154] - log.py] - INFO: 开始执行用例：修改备注名，openid,remark参数填写正确
[2022-09-01 16:25:48,558] - log.py] - INFO: 接口返回数据正确
[2022-09-01 16:25:48,558] - log.py] - INFO: 获取touken值
[2022-09-01 16:25:48,949] - log.py] - INFO: 开始执行用例：修改备注名，openid,remark参数填写正确
[2022-09-01 16:25:49,416] - log.py] - INFO: 接口返回数据正确
[2022-09-01 16:25:49,417] - log.py] - INFO: 获取touken值
[2022-09-01 16:25:49,864] - log.py] - INFO: 开始执行用例：修改备注名，openid,remark参数填写正确
[2022-09-01 16:25:50,286] - log.py] - INFO: 接口返回数据正确
[2022-09-01 16:25:50,287] - log.py] - INFO: 获取touken值
[2022-09-01 16:25:50,659] - log.py] - INFO: 开始执行用例：修改备注名，openid,remark参数填写正确
[2022-09-01 16:25:51,139] - log.py] - INFO: 接口返回数据正确
[2022-09-01 16:25:51,139] - log.py] - INFO: 获取touken值
[2022-09-01 16:25:51,522] - log.py] - INFO: 开始执行用例：修改备注名，openid,remark参数填写正确
[2022-09-01 16:25:51,978] - log.py] - INFO: 接口返回数据正确
[2022-09-01 16:25:51,979] - log.py] - INFO: 获取touken值
[2022-09-01 16:25:52,345] - log.py] - INFO: 开始执行用例：修改备注名，openid,remark参数填写正确
[2022-09-01 16:25:52,779] - log.py] - INFO: 接口返回数据正确
[2022-09-01 16:25:52,779] - log.py] - INFO: 开始执行接口用例：所有接口参数都填写正确
[2022-09-01 16:25:53,154] - log.py] - INFO: 断言成功
[2022-09-01 16:25:53,155] - log.py] - INFO: 开始执行接口用例：一个参数未填写
[2022-09-01 16:25:53,537] - log.py] - INFO: 断言成功
[2022-09-01 16:25:53,538] - log.py] - INFO: 开始执行接口用例：一个参数未填写
[2022-09-01 16:25:53,812] - log.py] - INFO: 断言成功
[2022-09-01 16:25:53,813] - log.py] - INFO: 开始执行接口用例：一个参数未填写
[2022-09-01 16:25:54,237] - log.py] - INFO: 断言成功
[2022-09-01 16:25:54,238] - log.py] - INFO: 一个参数填写错误
[2022-09-01 16:25:54,557] - log.py] - INFO: 断言成功
[2022-09-01 16:25:54,557] - log.py] - INFO: 一个参数填写错误
[2022-09-01 16:25:54,868] - log.py] - INFO: 断言成功
[2022-09-01 16:25:54,869] - log.py] - INFO: 一个参数填写错误
[2022-09-01 16:25:55,172] - log.py] - INFO: 断言成功
